

Microchip Technology PIC LITE Macro Assembler V1.33 build 59893 
                                                                                               Mon Mar 02 09:02:29 2026

Microchip Technology Omniscient Code Generator (Lite mode) build 59893
     1                           	processor	16F877A
     2                           	opt	pw 120
     3                           	opt	lm
     4                           	psect	maintext,global,class=CODE,split=1,delta=2
     5                           	psect	cinit,global,class=CODE,merge=1,delta=2
     6                           	psect	cstackCOMMON,global,class=COMMON,space=1,delta=1
     7                           	dabs	1,0x7E,2
     8  0000                     	;# 
     9  0001                     	;# 
    10  0002                     	;# 
    11  0003                     	;# 
    12  0004                     	;# 
    13  0005                     	;# 
    14  0006                     	;# 
    15  0007                     	;# 
    16  0008                     	;# 
    17  0009                     	;# 
    18  000A                     	;# 
    19  000B                     	;# 
    20  000C                     	;# 
    21  000D                     	;# 
    22  000E                     	;# 
    23  000E                     	;# 
    24  000F                     	;# 
    25  0010                     	;# 
    26  0011                     	;# 
    27  0012                     	;# 
    28  0013                     	;# 
    29  0014                     	;# 
    30  0015                     	;# 
    31  0015                     	;# 
    32  0016                     	;# 
    33  0017                     	;# 
    34  0018                     	;# 
    35  0019                     	;# 
    36  001A                     	;# 
    37  001B                     	;# 
    38  001B                     	;# 
    39  001C                     	;# 
    40  001D                     	;# 
    41  001E                     	;# 
    42  001F                     	;# 
    43  0081                     	;# 
    44  0085                     	;# 
    45  0086                     	;# 
    46  0087                     	;# 
    47  0088                     	;# 
    48  0089                     	;# 
    49  008C                     	;# 
    50  008D                     	;# 
    51  008E                     	;# 
    52  0091                     	;# 
    53  0092                     	;# 
    54  0093                     	;# 
    55  0094                     	;# 
    56  0098                     	;# 
    57  0099                     	;# 
    58  009C                     	;# 
    59  009D                     	;# 
    60  009E                     	;# 
    61  009F                     	;# 
    62  010C                     	;# 
    63  010D                     	;# 
    64  010E                     	;# 
    65  010F                     	;# 
    66  018C                     	;# 
    67  018D                     	;# 
    68  0006                     _PORTB	set	6
    69  0028                     _RA0	set	40
    70  0030                     _RB0	set	48
    71  009F                     _ADCON1	set	159
    72  0085                     _TRISA	set	133
    73  0086                     _TRISB	set	134
    74                           
    75                           	psect	maintext
    76  0796                     __pmaintext:	
    77                           ; #config settings
    78                           
    79                           
    80                           ;psect for function _main
    81  0000                     
    82 ;;
    83 ;;Main: autosize = 0, tempsize = 1, incstack = 0, save=0
    84 ;;
    85 ;; *************** function _main *****************
    86 ;; Defined at:
    87 ;;		line 12 in file "Z:\CPE3201-Sevilla\PracticalActivities\PA1\LE1.c"
    88 ;; Parameters:    Size  Location     Type
    89 ;;		None
    90 ;; Auto vars:     Size  Location     Type
    91 ;;  cnt             2    2[COMMON] unsigned int 
    92 ;;  i               1    1[COMMON] unsigned char 
    93 ;; Return value:  Size  Location     Type
    94 ;;		None               void
    95 ;; Registers used:
    96 ;;		wreg, status,2, status,0
    97 ;; Tracked objects:
    98 ;;		On entry : 17F/0
    99 ;;		On exit  : 0/0
   100 ;;		Unchanged: 0/0
   101 ;; Data sizes:     COMMON   BANK0   BANK1   BANK3   BANK2
   102 ;;      Params:         0       0       0       0       0
   103 ;;      Locals:         3       0       0       0       0
   104 ;;      Temps:          1       0       0       0       0
   105 ;;      Totals:         4       0       0       0       0
   106 ;;Total ram usage:        4 bytes
   107 ;; This function calls:
   108 ;;		Nothing
   109 ;; This function is called by:
   110 ;;		Startup code after reset
   111 ;; This function uses a non-reentrant model
   112 ;;
   113  0796                     _main:	
   114                           
   115                           ;LE1.c: 14: unsigned char i;
   116                           ;LE1.c: 15: unsigned int cnt;
   117                           ;LE1.c: 16: ADCON1 = 0x06;
   118                           
   119                           ;incstack = 0
   120                           ; Regs used in _main: [wreg+status,2+status,0]
   121  0796  3006               	movlw	6
   122  0797  1683               	bsf	3,5	;RP0=1, select bank1
   123  0798  1303               	bcf	3,6	;RP1=0, select bank1
   124  0799  009F               	movwf	31	;volatile
   125                           
   126                           ;LE1.c: 17: TRISA = 0x01;
   127  079A  3001               	movlw	1
   128  079B  0085               	movwf	5	;volatile
   129                           
   130                           ;LE1.c: 18: TRISB = 0x00;
   131  079C  0186               	clrf	6	;volatile
   132                           
   133                           ;LE1.c: 19: PORTB = 0x00;
   134  079D  1283               	bcf	3,5	;RP0=0, select bank0
   135  079E  1303               	bcf	3,6	;RP1=0, select bank0
   136  079F  0186               	clrf	6	;volatile
   137  07A0                     l492:	
   138                           ;LE1.c: 21: for(;;)
   139                           
   140                           
   141                           ;LE1.c: 22: {
   142                           ;LE1.c: 23: if(RA0 == 0x01)
   143  07A0  1C05               	btfss	5,0	;volatile
   144  07A1  2FA0               	goto	l492
   145                           
   146                           ;LE1.c: 24: {
   147                           ;LE1.c: 25: for(cnt = 0; cnt < 10000; cnt++);
   148  07A2  01F2               	clrf	main@cnt
   149  07A3  01F3               	clrf	main@cnt+1
   150  07A4  3027               	movlw	39
   151  07A5  0273               	subwf	main@cnt+1,w
   152  07A6  3010               	movlw	16
   153  07A7  1903               	skipnz
   154  07A8  0272               	subwf	main@cnt,w
   155  07A9  1803               	btfsc	3,0
   156  07AA  2FB8               	goto	l502
   157  07AB                     l500:	
   158  07AB  3001               	movlw	1
   159  07AC  07F2               	addwf	main@cnt,f
   160  07AD  1803               	skipnc
   161  07AE  0AF3               	incf	main@cnt+1,f
   162  07AF  3000               	movlw	0
   163  07B0  07F3               	addwf	main@cnt+1,f
   164  07B1  3027               	movlw	39
   165  07B2  0273               	subwf	main@cnt+1,w
   166  07B3  3010               	movlw	16
   167  07B4  1903               	skipnz
   168  07B5  0272               	subwf	main@cnt,w
   169  07B6  1C03               	skipc
   170  07B7  2FAB               	goto	l500
   171  07B8                     l502:	
   172                           
   173                           ;LE1.c: 26: for(i = 0; i < 3; i++)
   174  07B8  01F1               	clrf	main@i
   175  07B9  3003               	movlw	3
   176  07BA  0271               	subwf	main@i,w
   177  07BB  1803               	btfsc	3,0
   178  07BC  2FF7               	goto	l25
   179  07BD                     l19:	
   180                           
   181                           ;LE1.c: 27: {
   182                           ;LE1.c: 28: RB0 = 0x01;
   183  07BD  1283               	bcf	3,5	;RP0=0, select bank0
   184  07BE  1303               	bcf	3,6	;RP1=0, select bank0
   185  07BF  1406               	bsf	6,0	;volatile
   186                           
   187                           ;LE1.c: 29: for(cnt = 0; cnt < 10000; cnt++)
   188  07C0  01F2               	clrf	main@cnt
   189  07C1  01F3               	clrf	main@cnt+1
   190  07C2  3027               	movlw	39
   191  07C3  0273               	subwf	main@cnt+1,w
   192  07C4  3010               	movlw	16
   193  07C5  1903               	skipnz
   194  07C6  0272               	subwf	main@cnt,w
   195  07C7  1803               	btfsc	3,0
   196  07C8  2FD6               	goto	l22
   197  07C9                     l514:	
   198                           
   199                           ;LE1.c: 30: {
   200  07C9  3001               	movlw	1
   201  07CA  07F2               	addwf	main@cnt,f
   202  07CB  1803               	skipnc
   203  07CC  0AF3               	incf	main@cnt+1,f
   204  07CD  3000               	movlw	0
   205  07CE  07F3               	addwf	main@cnt+1,f
   206  07CF  3027               	movlw	39
   207  07D0  0273               	subwf	main@cnt+1,w
   208  07D1  3010               	movlw	16
   209  07D2  1903               	skipnz
   210  07D3  0272               	subwf	main@cnt,w
   211  07D4  1C03               	skipc
   212  07D5  2FC9               	goto	l514
   213  07D6                     l22:	
   214                           
   215                           ;LE1.c: 31: }
   216                           ;LE1.c: 32: RB0 = 0x00;
   217  07D6  1283               	bcf	3,5	;RP0=0, select bank0
   218  07D7  1303               	bcf	3,6	;RP1=0, select bank0
   219  07D8  1006               	bcf	6,0	;volatile
   220                           
   221                           ;LE1.c: 33: for(cnt = 0; cnt < 10000; cnt++)
   222  07D9  01F2               	clrf	main@cnt
   223  07DA  01F3               	clrf	main@cnt+1
   224  07DB  3027               	movlw	39
   225  07DC  0273               	subwf	main@cnt+1,w
   226  07DD  3010               	movlw	16
   227  07DE  1903               	skipnz
   228  07DF  0272               	subwf	main@cnt,w
   229  07E0  1803               	btfsc	3,0
   230  07E1  2FEF               	goto	l524
   231  07E2                     l522:	
   232                           
   233                           ;LE1.c: 34: {
   234  07E2  3001               	movlw	1
   235  07E3  07F2               	addwf	main@cnt,f
   236  07E4  1803               	skipnc
   237  07E5  0AF3               	incf	main@cnt+1,f
   238  07E6  3000               	movlw	0
   239  07E7  07F3               	addwf	main@cnt+1,f
   240  07E8  3027               	movlw	39
   241  07E9  0273               	subwf	main@cnt+1,w
   242  07EA  3010               	movlw	16
   243  07EB  1903               	skipnz
   244  07EC  0272               	subwf	main@cnt,w
   245  07ED  1C03               	skipc
   246  07EE  2FE2               	goto	l522
   247  07EF                     l524:	
   248  07EF  3001               	movlw	1
   249  07F0  00F0               	movwf	??_main
   250  07F1  0870               	movf	??_main,w
   251  07F2  07F1               	addwf	main@i,f
   252  07F3  3003               	movlw	3
   253  07F4  0271               	subwf	main@i,w
   254  07F5  1C03               	skipc
   255  07F6  2FBD               	goto	l19
   256  07F7                     l25:	
   257                           ;LE1.c: 39: {
   258                           
   259                           ;LE1.c: 35: }
   260                           ;LE1.c: 36: }
   261                           ;LE1.c: 38: while(RA0 == 0x01)
   262                           
   263  07F7  1283               	bcf	3,5	;RP0=0, select bank0
   264  07F8  1303               	bcf	3,6	;RP1=0, select bank0
   265  07F9  1C05               	btfss	5,0	;volatile
   266  07FA  2FA0               	goto	l492
   267  07FB  2FF7               	goto	l25
   268  07FC                     __end_of_main:	
   269                           ;LE1.c: 40: }
   270                           ;LE1.c: 41: }
   271                           ;LE1.c: 42: }
   272                           
   273  007E                     btemp	set	126	;btemp
   274  007E                     wtemp	set	126
   275  007E                     wtemp0	set	126
   276  0080                     wtemp1	set	128
   277  0082                     wtemp2	set	130
   278  0084                     wtemp3	set	132
   279  0086                     wtemp4	set	134
   280  0088                     wtemp5	set	136
   281  007F                     wtemp6	set	127
   282  007E                     ttemp	set	126
   283  007E                     ttemp0	set	126
   284  0081                     ttemp1	set	129
   285  0084                     ttemp2	set	132
   286  0087                     ttemp3	set	135
   287  007F                     ttemp4	set	127
   288  007E                     ltemp	set	126
   289  007E                     ltemp0	set	126
   290  0082                     ltemp1	set	130
   291  0086                     ltemp2	set	134
   292  0080                     ltemp3	set	128
   293                           
   294                           	psect	cinit
   295  07FC                     start_initialization:	
   296  07FC                     __initialization:	
   297  07FC                     end_of_initialization:	
   298                           ;End of C runtime variable initialization code
   299                           
   300  07FC                     __end_of__initialization:	
   301  07FC  0183               	clrf	3
   302  07FD  120A  118A  2F96   	ljmp	_main	;jump to C main() function
   303                           
   304                           	psect	cstackCOMMON
   305  0070                     __pcstackCOMMON:	
   306  0070                     ?_main:	
   307  0070                     ??_main:	
   308                           ; 0 bytes @ 0x0
   309                           
   310                           
   311                           ; 0 bytes @ 0x0
   312  0070                     	ds	1
   313  0071                     main@i:	
   314                           
   315                           ; 1 bytes @ 0x1
   316  0071                     	ds	1
   317  0072                     main@cnt:	
   318                           
   319                           ; 2 bytes @ 0x2
   320  0072                     	ds	2


Data Sizes:
    Strings     0
    Constant    0
    Data        0
    BSS         0
    Persistent  0
    Stack       0

Auto Spaces:
    Space          Size  Autos    Used
    COMMON           14      4       4
    BANK0            80      0       0
    BANK1            80      0       0
    BANK3            96      0       0
    BANK2            96      0       0

Pointer List with Targets:

    None.

Critical Paths under _main in COMMON

    None.

Critical Paths under _main in BANK0

    None.

Critical Paths under _main in BANK1

    None.

Critical Paths under _main in BANK3

    None.

Critical Paths under _main in BANK2

    None.

Call Graph Tables:

 ---------------------------------------------------------------------------------
 (Depth) Function   	        Calls       Base Space   Used Autos Params    Refs
 ---------------------------------------------------------------------------------
 (0) _main                                                 4     4      0     120
                                              0 COMMON     4     4      0
 ---------------------------------------------------------------------------------
 Estimated maximum stack depth 0
 ---------------------------------------------------------------------------------

 Call Graph Graphs:

 _main (ROOT)

 Address spaces:
Name               Size   Autos  Total    Cost      Usage
BITCOMMON            E      0       0       0        0.0%
EEDATA             100      0       0       0        0.0%
NULL                 0      0       0       0        0.0%
CODE                 0      0       0       0        0.0%
COMMON               E      4       4       1       28.6%
BITSFR0              0      0       0       1        0.0%
SFR0                 0      0       0       1        0.0%
BITSFR1              0      0       0       2        0.0%
SFR1                 0      0       0       2        0.0%
STACK                0      0       0       2        0.0%
ABS                  0      0       0       3        0.0%
BITBANK0            50      0       0       4        0.0%
BITSFR3              0      0       0       4        0.0%
SFR3                 0      0       0       4        0.0%
BANK0               50      0       0       5        0.0%
BITSFR2              0      0       0       5        0.0%
SFR2                 0      0       0       5        0.0%
BITBANK1            50      0       0       6        0.0%
BANK1               50      0       0       7        0.0%
BITBANK3            60      0       0       8        0.0%
BANK3               60      0       0       9        0.0%
BITBANK2            60      0       0      10        0.0%
BANK2               60      0       0      11        0.0%
DATA                 0      0       0      12        0.0%


Microchip Technology PIC Macro Assembler V1.33 build 59893 
Symbol Table                                                                                   Mon Mar 02 09:02:29 2026

            __CFG_CP$OFF 0000                       l22 07D6                       l25 07F7  
                     l19 07BD                      l500 07AB                      l502 07B8  
                    l522 07E2                      l514 07C9                      l524 07EF  
                    l492 07A0                      _RA0 0028                      _RB0 0030  
           __CFG_CPD$OFF 0000             __CFG_FOSC$XT 0000             __CFG_LVP$OFF 0000  
           __CFG_WRT$OFF 0000                     _main 0796                     btemp 007E  
          __CFG_BOREN$ON 0000                     ltemp 007E                     start 0000  
                   ttemp 007E                     wtemp 007E                    ?_main 0070  
          __CFG_WDTE$OFF 0000                    _PORTB 0006                    _TRISA 0085  
                  _TRISB 0086            __CFG_PWRTE$ON 0000                    main@i 0071  
                  ltemp0 007E                    ltemp1 0082                    ltemp2 0086  
                  ltemp3 0080                    ttemp0 007E                    ttemp1 0081  
                  ttemp2 0084                    ttemp3 0087                    ttemp4 007F  
                  status 0003                    wtemp0 007E                    wtemp1 0080  
                  wtemp2 0082                    wtemp3 0084                    wtemp4 0086  
                  wtemp5 0088                    wtemp6 007F          __initialization 07FC  
           __end_of_main 07FC                   ??_main 0070                   _ADCON1 009F  
__end_of__initialization 07FC           __pcstackCOMMON 0070               __pmaintext 0796  
                main@cnt 0072     end_of_initialization 07FC      start_initialization 07FC  
              ___latbits 0002            __size_of_main 0066  
