

Microchip Technology PIC LITE Macro Assembler V1.33 build 59893 
                                                                                               Mon Mar 02 08:52:12 2026

Microchip Technology Omniscient Code Generator (Lite mode) build 59893
     1                           	processor	16F877A
     2                           	opt	pw 120
     3                           	opt	lm
     4                           	psect	strings,global,class=STRING,delta=2
     5                           	psect	cinit,global,class=CODE,merge=1,delta=2
     6                           	psect	cstackCOMMON,global,class=COMMON,space=1,delta=1
     7                           	psect	maintext,global,class=CODE,split=1,delta=2
     8                           	psect	text1,local,class=CODE,merge=1,delta=2
     9                           	psect	text2,local,class=CODE,merge=1,delta=2
    10                           	psect	text3,local,class=CODE,merge=1,delta=2
    11                           	psect	text4,local,class=CODE,merge=1,delta=2
    12                           	dabs	1,0x7E,2
    13  0000                     	;# 
    14  0001                     	;# 
    15  0002                     	;# 
    16  0003                     	;# 
    17  0004                     	;# 
    18  0005                     	;# 
    19  0006                     	;# 
    20  0007                     	;# 
    21  0008                     	;# 
    22  0009                     	;# 
    23  000A                     	;# 
    24  000B                     	;# 
    25  000C                     	;# 
    26  000D                     	;# 
    27  000E                     	;# 
    28  000E                     	;# 
    29  000F                     	;# 
    30  0010                     	;# 
    31  0011                     	;# 
    32  0012                     	;# 
    33  0013                     	;# 
    34  0014                     	;# 
    35  0015                     	;# 
    36  0015                     	;# 
    37  0016                     	;# 
    38  0017                     	;# 
    39  0018                     	;# 
    40  0019                     	;# 
    41  001A                     	;# 
    42  001B                     	;# 
    43  001B                     	;# 
    44  001C                     	;# 
    45  001D                     	;# 
    46  001E                     	;# 
    47  001F                     	;# 
    48  0081                     	;# 
    49  0085                     	;# 
    50  0086                     	;# 
    51  0087                     	;# 
    52  0088                     	;# 
    53  0089                     	;# 
    54  008C                     	;# 
    55  008D                     	;# 
    56  008E                     	;# 
    57  0091                     	;# 
    58  0092                     	;# 
    59  0093                     	;# 
    60  0094                     	;# 
    61  0098                     	;# 
    62  0099                     	;# 
    63  009C                     	;# 
    64  009D                     	;# 
    65  009E                     	;# 
    66  009F                     	;# 
    67  010C                     	;# 
    68  010D                     	;# 
    69  010E                     	;# 
    70  010F                     	;# 
    71  018C                     	;# 
    72  018D                     	;# 
    73                           
    74                           	psect	strings
    75  0003                     __pstrings:	
    76  0003                     stringtab:	
    77  0003                     __stringtab:	
    78  0003                     stringcode:	
    79                           ;	String table - string pointers are 1 byte each
    80                           
    81  0003                     stringdir:	
    82  0003  3000               	movlw	high stringdir
    83  0004  008A               	movwf	10
    84  0005  0804               	movf	4,w
    85  0006  0A84               	incf	4,f
    86  0007  0782               	addwf	2,f
    87  0008                     __stringbase:	
    88  0008  3400               	retlw	0
    89  0009                     __end_of__stringtab:	
    90  0009                     _keypad:	
    91  0009  3431               	retlw	49
    92  000A  3432               	retlw	50
    93  000B  3433               	retlw	51
    94  000C  3420               	retlw	32
    95  000D  3434               	retlw	52
    96  000E  3435               	retlw	53
    97  000F  3436               	retlw	54
    98  0010  3420               	retlw	32
    99  0011  3437               	retlw	55
   100  0012  3438               	retlw	56
   101  0013  3439               	retlw	57
   102  0014  3420               	retlw	32
   103  0015  342A               	retlw	42
   104  0016  3430               	retlw	48
   105  0017  3423               	retlw	35
   106  0018  3420               	retlw	32
   107  0019  3400               	retlw	0
   108  001A                     __end_of_keypad:	
   109  0006                     _PORTB	set	6
   110  0008                     _PORTD	set	8
   111  0038                     _RC0	set	56
   112  0039                     _RC1	set	57
   113  003A                     _RC2	set	58
   114  0044                     _RD4	set	68
   115  0086                     _TRISB	set	134
   116  0087                     _TRISC	set	135
   117  0088                     _TRISD	set	136
   118                           
   119                           ; #config settings
   120  0000                     
   121                           	psect	cinit
   122  07FC                     start_initialization:	
   123  07FC                     __initialization:	
   124  07FC                     end_of_initialization:	
   125                           ;End of C runtime variable initialization code
   126                           
   127  07FC                     __end_of__initialization:	
   128  07FC  0183               	clrf	3
   129  07FD  120A  118A  2FA9   	ljmp	_main	;jump to C main() function
   130                           
   131                           	psect	cstackCOMMON
   132  0070                     __pcstackCOMMON:	
   133  0070                     ?_delay:	
   134  0070                     ?_instCtrl:	
   135                           ; 0 bytes @ 0x0
   136                           
   137  0070                     ?_initLCD:	
   138                           ; 0 bytes @ 0x0
   139                           
   140  0070                     ?_dataCtrl:	
   141                           ; 0 bytes @ 0x0
   142                           
   143  0070                     ?_main:	
   144                           ; 0 bytes @ 0x0
   145                           
   146  0070                     delay@ms:	
   147                           ; 2 bytes @ 0x0
   148                           
   149                           
   150                           ; 2 bytes @ 0x0
   151  0070                     	ds	2
   152  0072                     ??_delay:	
   153  0072                     delay@i:	
   154                           ; 0 bytes @ 0x2
   155                           
   156                           
   157                           ; 2 bytes @ 0x2
   158  0072                     	ds	2
   159  0074                     delay@j:	
   160                           
   161                           ; 2 bytes @ 0x4
   162  0074                     	ds	2
   163  0076                     ??_instCtrl:	
   164  0076                     ??_dataCtrl:	
   165                           ; 0 bytes @ 0x6
   166                           
   167  0076                     instCtrl@cmd:	
   168                           ; 0 bytes @ 0x6
   169                           
   170  0076                     dataCtrl@data:	
   171                           ; 1 bytes @ 0x6
   172                           
   173                           
   174                           ; 1 bytes @ 0x6
   175  0076                     	ds	1
   176  0077                     ??_initLCD:	
   177  0077                     ??_main:	
   178                           ; 0 bytes @ 0x7
   179                           
   180                           
   181                           ; 0 bytes @ 0x7
   182  0077                     	ds	1
   183  0078                     main@key:	
   184                           
   185                           ; 1 bytes @ 0x8
   186  0078                     	ds	1
   187  0079                     main@count:	
   188                           
   189                           ; 1 bytes @ 0x9
   190  0079                     	ds	1
   191                           
   192                           	psect	maintext
   193  07A9                     __pmaintext:	
   194 ;;
   195 ;;Main: autosize = 0, tempsize = 1, incstack = 0, save=0
   196 ;;
   197 ;; *************** function _main *****************
   198 ;; Defined at:
   199 ;;		line 65 in file "Z:\CPE3201-Sevilla\PracticalActivities\PA2\LE2-3.c"
   200 ;; Parameters:    Size  Location     Type
   201 ;;		None
   202 ;; Auto vars:     Size  Location     Type
   203 ;;  key             1    8[COMMON] unsigned char 
   204 ;;  count           1    9[COMMON] unsigned char 
   205 ;; Return value:  Size  Location     Type
   206 ;;                  2   41[COMMON] int 
   207 ;; Registers used:
   208 ;;		wreg, fsr0l, fsr0h, status,2, status,0, pclath, cstack
   209 ;; Tracked objects:
   210 ;;		On entry : 17F/0
   211 ;;		On exit  : 0/0
   212 ;;		Unchanged: 0/0
   213 ;; Data sizes:     COMMON   BANK0   BANK1   BANK3   BANK2
   214 ;;      Params:         0       0       0       0       0
   215 ;;      Locals:         2       0       0       0       0
   216 ;;      Temps:          1       0       0       0       0
   217 ;;      Totals:         3       0       0       0       0
   218 ;;Total ram usage:        3 bytes
   219 ;; Hardware stack levels required when called:    3
   220 ;; This function calls:
   221 ;;		_dataCtrl
   222 ;;		_delay
   223 ;;		_initLCD
   224 ;;		_instCtrl
   225 ;; This function is called by:
   226 ;;		Startup code after reset
   227 ;; This function uses a non-reentrant model
   228 ;;
   229                           
   230                           
   231                           ;psect for function _main
   232  07A9                     _main:	
   233                           
   234                           ;LE2-3.c: 67: TRISB = 0x00;
   235                           
   236                           ;incstack = 0
   237                           ; Regs used in _main: [wreg-fsr0h+status,2+status,0+pclath+cstack]
   238  07A9  1683               	bsf	3,5	;RP0=1, select bank1
   239  07AA  1303               	bcf	3,6	;RP1=0, select bank1
   240  07AB  0186               	clrf	6	;volatile
   241                           
   242                           ;LE2-3.c: 68: TRISC = 0x00;
   243  07AC  0187               	clrf	7	;volatile
   244                           
   245                           ;LE2-3.c: 69: TRISD = 0xFF;
   246  07AD  30FF               	movlw	255
   247  07AE  0088               	movwf	8	;volatile
   248                           
   249                           ;LE2-3.c: 71: initLCD();
   250  07AF  120A  118A  275C  120A  118A  	fcall	_initLCD
   251                           
   252                           ;LE2-3.c: 73: unsigned char count = 0;
   253  07B4  01F9               	clrf	main@count
   254  07B5                     l558:	
   255                           ;LE2-3.c: 75: while(1){
   256                           
   257                           
   258                           ;LE2-3.c: 76: if(RD4){
   259  07B5  1283               	bcf	3,5	;RP0=0, select bank0
   260  07B6  1303               	bcf	3,6	;RP1=0, select bank0
   261  07B7  1E08               	btfss	8,4	;volatile
   262  07B8  2FB5               	goto	l558
   263                           
   264                           ;LE2-3.c: 77: unsigned char key = PORTD & 0x0F;
   265  07B9  0808               	movf	8,w	;volatile
   266  07BA  390F               	andlw	15
   267  07BB  00F7               	movwf	??_main
   268  07BC  0877               	movf	??_main,w
   269  07BD  00F8               	movwf	main@key
   270  07BE                     l44:	
   271                           ;LE2-3.c: 78: while(RD4);
   272                           
   273  07BE  1A08               	btfsc	8,4	;volatile
   274  07BF  2FBE               	goto	l44
   275                           
   276                           ;LE2-3.c: 80: if(count == 80){
   277  07C0  0879               	movf	main@count,w
   278  07C1  3A50               	xorlw	80
   279  07C2  1D03               	skipz
   280  07C3  2FD4               	goto	l568
   281                           
   282                           ;LE2-3.c: 81: instCtrl(0x01);
   283  07C4  3001               	movlw	1
   284  07C5  120A  118A  2749  120A  118A  	fcall	_instCtrl
   285                           
   286                           ;LE2-3.c: 82: delay(2);
   287  07CA  3002               	movlw	2
   288  07CB  00F0               	movwf	delay@ms
   289  07CC  3000               	movlw	0
   290  07CD  00F1               	movwf	delay@ms+1
   291  07CE  120A  118A  2782  120A  118A  	fcall	_delay
   292                           
   293                           ;LE2-3.c: 83: count = 0;
   294  07D3  01F9               	clrf	main@count
   295  07D4                     l568:	
   296                           
   297                           ;LE2-3.c: 84: }
   298                           ;LE2-3.c: 86: if(count == 20) instCtrl(0xC0);
   299  07D4  0879               	movf	main@count,w
   300  07D5  3A14               	xorlw	20
   301  07D6  1D03               	skipz
   302  07D7  2FDA               	goto	l572
   303  07D8  30C0               	movlw	192
   304  07D9  2FE5               	goto	L1
   305  07DA                     l572:	
   306                           
   307                           ;LE2-3.c: 87: else if(count == 40) instCtrl(0x94);
   308  07DA  0879               	movf	main@count,w
   309  07DB  3A28               	xorlw	40
   310  07DC  1D03               	skipz
   311  07DD  2FE0               	goto	l576
   312  07DE  3094               	movlw	148
   313  07DF  2FE5               	goto	L1
   314  07E0                     l576:	
   315                           
   316                           ;LE2-3.c: 88: else if(count == 60) instCtrl(0xD4);
   317  07E0  0879               	movf	main@count,w
   318  07E1  3A3C               	xorlw	60
   319  07E2  1D03               	skipz
   320  07E3  2FEA               	goto	l580
   321  07E4  30D4               	movlw	212
   322  07E5                     L1:	
   323  07E5  120A  118A  2749  120A  118A  	fcall	_instCtrl
   324  07EA                     l580:	
   325                           
   326                           ;LE2-3.c: 90: dataCtrl(keypad[key]);
   327  07EA  0878               	movf	main@key,w
   328  07EB  3E01               	addlw	low (_keypad-__stringbase)
   329  07EC  0084               	movwf	4
   330  07ED  120A  118A  2003  120A  118A  	fcall	stringdir
   331  07F2  120A  118A  2736  120A  118A  	fcall	_dataCtrl
   332                           
   333                           ;LE2-3.c: 91: count++;
   334  07F7  3001               	movlw	1
   335  07F8  00F7               	movwf	??_main
   336  07F9  0877               	movf	??_main,w
   337  07FA  07F9               	addwf	main@count,f
   338  07FB  2FB5               	goto	l558
   339  07FC                     __end_of_main:	
   340                           ;LE2-3.c: 92: }
   341                           ;LE2-3.c: 93: }
   342                           ;LE2-3.c: 95: return 0;
   343                           ;	Return value of _main is never used
   344                           
   345                           
   346                           	psect	text1
   347  075C                     __ptext1:	
   348 ;; *************** function _initLCD *****************
   349 ;; Defined at:
   350 ;;		line 35 in file "Z:\CPE3201-Sevilla\PracticalActivities\PA2\LE2-3.c"
   351 ;; Parameters:    Size  Location     Type
   352 ;;		None
   353 ;; Auto vars:     Size  Location     Type
   354 ;;		None
   355 ;; Return value:  Size  Location     Type
   356 ;;		None               void
   357 ;; Registers used:
   358 ;;		wreg, status,2, status,0, pclath, cstack
   359 ;; Tracked objects:
   360 ;;		On entry : 0/0
   361 ;;		On exit  : 0/0
   362 ;;		Unchanged: 0/0
   363 ;; Data sizes:     COMMON   BANK0   BANK1   BANK3   BANK2
   364 ;;      Params:         0       0       0       0       0
   365 ;;      Locals:         0       0       0       0       0
   366 ;;      Temps:          0       0       0       0       0
   367 ;;      Totals:         0       0       0       0       0
   368 ;;Total ram usage:        0 bytes
   369 ;; Hardware stack levels used:    1
   370 ;; Hardware stack levels required when called:    2
   371 ;; This function calls:
   372 ;;		_delay
   373 ;;		_instCtrl
   374 ;; This function is called by:
   375 ;;		_main
   376 ;; This function uses a non-reentrant model
   377 ;;
   378                           
   379                           
   380                           ;psect for function _initLCD
   381  075C                     _initLCD:	
   382                           
   383                           ;LE2-3.c: 37: delay(1);
   384                           
   385                           ;incstack = 0
   386                           ; Regs used in _initLCD: [wreg+status,2+status,0+pclath+cstack]
   387  075C  3001               	movlw	1
   388  075D  00F0               	movwf	delay@ms
   389  075E  3000               	movlw	0
   390  075F  00F1               	movwf	delay@ms+1
   391  0760  120A  118A  2782  120A  118A  	fcall	_delay
   392                           
   393                           ;LE2-3.c: 38: instCtrl(0x38);
   394  0765  3038               	movlw	56
   395  0766  120A  118A  2749  120A  118A  	fcall	_instCtrl
   396                           
   397                           ;LE2-3.c: 39: instCtrl(0x08);
   398  076B  3008               	movlw	8
   399  076C  120A  118A  2749  120A  118A  	fcall	_instCtrl
   400                           
   401                           ;LE2-3.c: 40: instCtrl(0x01);
   402  0771  3001               	movlw	1
   403  0772  120A  118A  2749  120A  118A  	fcall	_instCtrl
   404                           
   405                           ;LE2-3.c: 41: instCtrl(0x06);
   406  0777  3006               	movlw	6
   407  0778  120A  118A  2749  120A  118A  	fcall	_instCtrl
   408                           
   409                           ;LE2-3.c: 42: instCtrl(0x0F);
   410  077D  300F               	movlw	15
   411  077E  120A  118A  2749   	fcall	_instCtrl
   412  0781  0008               	return
   413  0782                     __end_of_initLCD:	
   414                           
   415                           	psect	text2
   416  0749                     __ptext2:	
   417 ;; *************** function _instCtrl *****************
   418 ;; Defined at:
   419 ;;		line 26 in file "Z:\CPE3201-Sevilla\PracticalActivities\PA2\LE2-3.c"
   420 ;; Parameters:    Size  Location     Type
   421 ;;  cmd             1    wreg     unsigned char 
   422 ;; Auto vars:     Size  Location     Type
   423 ;;  cmd             1    6[COMMON] unsigned char 
   424 ;; Return value:  Size  Location     Type
   425 ;;		None               void
   426 ;; Registers used:
   427 ;;		wreg, status,2, status,0, pclath, cstack
   428 ;; Tracked objects:
   429 ;;		On entry : 0/0
   430 ;;		On exit  : 0/0
   431 ;;		Unchanged: 0/0
   432 ;; Data sizes:     COMMON   BANK0   BANK1   BANK3   BANK2
   433 ;;      Params:         0       0       0       0       0
   434 ;;      Locals:         1       0       0       0       0
   435 ;;      Temps:          0       0       0       0       0
   436 ;;      Totals:         1       0       0       0       0
   437 ;;Total ram usage:        1 bytes
   438 ;; Hardware stack levels used:    1
   439 ;; Hardware stack levels required when called:    1
   440 ;; This function calls:
   441 ;;		_delay
   442 ;; This function is called by:
   443 ;;		_initLCD
   444 ;;		_main
   445 ;; This function uses a non-reentrant model
   446 ;;
   447                           
   448                           
   449                           ;psect for function _instCtrl
   450  0749                     _instCtrl:	
   451                           
   452                           ;incstack = 0
   453                           ; Regs used in _instCtrl: [wreg+status,2+status,0+pclath+cstack]
   454                           ;instCtrl@cmd stored from wreg
   455  0749  00F6               	movwf	instCtrl@cmd
   456                           
   457                           ;LE2-3.c: 27: PORTB = cmd;
   458  074A  0876               	movf	instCtrl@cmd,w
   459  074B  1283               	bcf	3,5	;RP0=0, select bank0
   460  074C  1303               	bcf	3,6	;RP1=0, select bank0
   461  074D  0086               	movwf	6	;volatile
   462                           
   463                           ;LE2-3.c: 28: RC0 = 0;
   464  074E  1007               	bcf	7,0	;volatile
   465                           
   466                           ;LE2-3.c: 29: RC2 = 0;
   467  074F  1107               	bcf	7,2	;volatile
   468                           
   469                           ;LE2-3.c: 30: RC1 = 1;
   470  0750  1487               	bsf	7,1	;volatile
   471                           
   472                           ;LE2-3.c: 31: delay(1);
   473  0751  3001               	movlw	1
   474  0752  00F0               	movwf	delay@ms
   475  0753  3000               	movlw	0
   476  0754  00F1               	movwf	delay@ms+1
   477  0755  120A  118A  2782   	fcall	_delay
   478                           
   479                           ;LE2-3.c: 32: RC1 = 0;
   480  0758  1283               	bcf	3,5	;RP0=0, select bank0
   481  0759  1303               	bcf	3,6	;RP1=0, select bank0
   482  075A  1087               	bcf	7,1	;volatile
   483  075B  0008               	return
   484  075C                     __end_of_instCtrl:	
   485                           
   486                           	psect	text3
   487  0736                     __ptext3:	
   488 ;; *************** function _dataCtrl *****************
   489 ;; Defined at:
   490 ;;		line 45 in file "Z:\CPE3201-Sevilla\PracticalActivities\PA2\LE2-3.c"
   491 ;; Parameters:    Size  Location     Type
   492 ;;  data            1    wreg     unsigned char 
   493 ;; Auto vars:     Size  Location     Type
   494 ;;  data            1    6[COMMON] unsigned char 
   495 ;; Return value:  Size  Location     Type
   496 ;;		None               void
   497 ;; Registers used:
   498 ;;		wreg, status,2, status,0, pclath, cstack
   499 ;; Tracked objects:
   500 ;;		On entry : 0/0
   501 ;;		On exit  : 0/0
   502 ;;		Unchanged: 0/0
   503 ;; Data sizes:     COMMON   BANK0   BANK1   BANK3   BANK2
   504 ;;      Params:         0       0       0       0       0
   505 ;;      Locals:         1       0       0       0       0
   506 ;;      Temps:          0       0       0       0       0
   507 ;;      Totals:         1       0       0       0       0
   508 ;;Total ram usage:        1 bytes
   509 ;; Hardware stack levels used:    1
   510 ;; Hardware stack levels required when called:    1
   511 ;; This function calls:
   512 ;;		_delay
   513 ;; This function is called by:
   514 ;;		_main
   515 ;; This function uses a non-reentrant model
   516 ;;
   517                           
   518                           
   519                           ;psect for function _dataCtrl
   520  0736                     _dataCtrl:	
   521                           
   522                           ;incstack = 0
   523                           ; Regs used in _dataCtrl: [wreg+status,2+status,0+pclath+cstack]
   524                           ;dataCtrl@data stored from wreg
   525  0736  00F6               	movwf	dataCtrl@data
   526                           
   527                           ;LE2-3.c: 46: PORTB = data;
   528  0737  0876               	movf	dataCtrl@data,w
   529  0738  1283               	bcf	3,5	;RP0=0, select bank0
   530  0739  1303               	bcf	3,6	;RP1=0, select bank0
   531  073A  0086               	movwf	6	;volatile
   532                           
   533                           ;LE2-3.c: 47: RC0 = 1;
   534  073B  1407               	bsf	7,0	;volatile
   535                           
   536                           ;LE2-3.c: 48: RC2 = 0;
   537  073C  1107               	bcf	7,2	;volatile
   538                           
   539                           ;LE2-3.c: 49: RC1 = 1;
   540  073D  1487               	bsf	7,1	;volatile
   541                           
   542                           ;LE2-3.c: 50: delay(1);
   543  073E  3001               	movlw	1
   544  073F  00F0               	movwf	delay@ms
   545  0740  3000               	movlw	0
   546  0741  00F1               	movwf	delay@ms+1
   547  0742  120A  118A  2782   	fcall	_delay
   548                           
   549                           ;LE2-3.c: 51: RC1 = 0;
   550  0745  1283               	bcf	3,5	;RP0=0, select bank0
   551  0746  1303               	bcf	3,6	;RP1=0, select bank0
   552  0747  1087               	bcf	7,1	;volatile
   553  0748  0008               	return
   554  0749                     __end_of_dataCtrl:	
   555                           
   556                           	psect	text4
   557  0782                     __ptext4:	
   558 ;; *************** function _delay *****************
   559 ;; Defined at:
   560 ;;		line 54 in file "Z:\CPE3201-Sevilla\PracticalActivities\PA2\LE2-3.c"
   561 ;; Parameters:    Size  Location     Type
   562 ;;  ms              2    0[COMMON] unsigned int 
   563 ;; Auto vars:     Size  Location     Type
   564 ;;  j               2    4[COMMON] unsigned int 
   565 ;;  i               2    2[COMMON] unsigned int 
   566 ;; Return value:  Size  Location     Type
   567 ;;		None               void
   568 ;; Registers used:
   569 ;;		wreg, status,2
   570 ;; Tracked objects:
   571 ;;		On entry : 0/0
   572 ;;		On exit  : 0/0
   573 ;;		Unchanged: 0/0
   574 ;; Data sizes:     COMMON   BANK0   BANK1   BANK3   BANK2
   575 ;;      Params:         2       0       0       0       0
   576 ;;      Locals:         4       0       0       0       0
   577 ;;      Temps:          0       0       0       0       0
   578 ;;      Totals:         6       0       0       0       0
   579 ;;Total ram usage:        6 bytes
   580 ;; Hardware stack levels used:    1
   581 ;; This function calls:
   582 ;;		Nothing
   583 ;; This function is called by:
   584 ;;		_instCtrl
   585 ;;		_initLCD
   586 ;;		_dataCtrl
   587 ;;		_main
   588 ;; This function uses a non-reentrant model
   589 ;;
   590                           
   591                           
   592                           ;psect for function _delay
   593  0782                     _delay:	
   594                           
   595                           ;LE2-3.c: 56: unsigned int i, j;
   596                           ;LE2-3.c: 57: for(i = 0; i < ms; i++){
   597                           
   598                           ;incstack = 0
   599                           ; Regs used in _delay: [wreg+status,2]
   600  0782  01F2               	clrf	delay@i
   601  0783  01F3               	clrf	delay@i+1
   602  0784                     l32:	
   603  0784  0871               	movf	delay@ms+1,w
   604  0785  0273               	subwf	delay@i+1,w
   605  0786  1D03               	skipz
   606  0787  2F8A               	goto	u35
   607  0788  0870               	movf	delay@ms,w
   608  0789  0272               	subwf	delay@i,w
   609  078A                     u35:	
   610  078A  1803               	btfsc	3,0
   611  078B  0008               	return
   612                           
   613                           ;LE2-3.c: 58: for(j = 0; j < 1000; j++);
   614  078C  01F4               	clrf	delay@j
   615  078D  01F5               	clrf	delay@j+1
   616  078E  3003               	movlw	3
   617  078F  0275               	subwf	delay@j+1,w
   618  0790  30E8               	movlw	232
   619  0791  1903               	skipnz
   620  0792  0274               	subwf	delay@j,w
   621  0793  1803               	btfsc	3,0
   622  0794  2FA2               	goto	l522
   623  0795                     l520:	
   624  0795  3001               	movlw	1
   625  0796  07F4               	addwf	delay@j,f
   626  0797  1803               	skipnc
   627  0798  0AF5               	incf	delay@j+1,f
   628  0799  3000               	movlw	0
   629  079A  07F5               	addwf	delay@j+1,f
   630  079B  3003               	movlw	3
   631  079C  0275               	subwf	delay@j+1,w
   632  079D  30E8               	movlw	232
   633  079E  1903               	skipnz
   634  079F  0274               	subwf	delay@j,w
   635  07A0  1C03               	skipc
   636  07A1  2F95               	goto	l520
   637  07A2                     l522:	
   638  07A2  3001               	movlw	1
   639  07A3  07F2               	addwf	delay@i,f
   640  07A4  1803               	skipnc
   641  07A5  0AF3               	incf	delay@i+1,f
   642  07A6  3000               	movlw	0
   643  07A7  07F3               	addwf	delay@i+1,f
   644  07A8  2F84               	goto	l32
   645  07A9                     __end_of_delay:	
   646  007E                     btemp	set	126	;btemp
   647  007E                     wtemp	set	126
   648  007E                     wtemp0	set	126
   649  0080                     wtemp1	set	128
   650  0082                     wtemp2	set	130
   651  0084                     wtemp3	set	132
   652  0086                     wtemp4	set	134
   653  0088                     wtemp5	set	136
   654  007F                     wtemp6	set	127
   655  007E                     ttemp	set	126
   656  007E                     ttemp0	set	126
   657  0081                     ttemp1	set	129
   658  0084                     ttemp2	set	132
   659  0087                     ttemp3	set	135
   660  007F                     ttemp4	set	127
   661  007E                     ltemp	set	126
   662  007E                     ltemp0	set	126
   663  0082                     ltemp1	set	130
   664  0086                     ltemp2	set	134
   665  0080                     ltemp3	set	128


Data Sizes:
    Strings     0
    Constant    17
    Data        0
    BSS         0
    Persistent  0
    Stack       0

Auto Spaces:
    Space          Size  Autos    Used
    COMMON           14     10      10
    BANK0            80      0       0
    BANK1            80      0       0
    BANK3            96      0       0
    BANK2            96      0       0

Pointer List with Targets:

    None.

Critical Paths under _main in COMMON

    _main->_dataCtrl
    _main->_instCtrl
    _initLCD->_instCtrl
    _instCtrl->_delay
    _dataCtrl->_delay

Critical Paths under _main in BANK0

    None.

Critical Paths under _main in BANK1

    None.

Critical Paths under _main in BANK3

    None.

Critical Paths under _main in BANK2

    None.

Call Graph Tables:

 ---------------------------------------------------------------------------------
 (Depth) Function   	        Calls       Base Space   Used Autos Params    Refs
 ---------------------------------------------------------------------------------
 (0) _main                                                 3     3      0    1280
                                              7 COMMON     3     3      0
                           _dataCtrl
                              _delay
                            _initLCD
                           _instCtrl
 ---------------------------------------------------------------------------------
 (1) _initLCD                                              0     0      0     479
                              _delay
                           _instCtrl
 ---------------------------------------------------------------------------------
 (1) _instCtrl                                             1     1      0     247
                                              6 COMMON     1     1      0
                              _delay
 ---------------------------------------------------------------------------------
 (1) _dataCtrl                                             1     1      0     247
                                              6 COMMON     1     1      0
                              _delay
 ---------------------------------------------------------------------------------
 (2) _delay                                                6     4      2     232
                                              0 COMMON     6     4      2
 ---------------------------------------------------------------------------------
 Estimated maximum stack depth 2
 ---------------------------------------------------------------------------------

 Call Graph Graphs:

 _main (ROOT)
   _dataCtrl
     _delay
   _delay
   _initLCD
     _delay
     _instCtrl
       _delay
   _instCtrl
     _delay

 Address spaces:
Name               Size   Autos  Total    Cost      Usage
BITCOMMON            E      0       0       0        0.0%
EEDATA             100      0       0       0        0.0%
NULL                 0      0       0       0        0.0%
CODE                 0      0       0       0        0.0%
COMMON               E      A       A       1       71.4%
BITSFR0              0      0       0       1        0.0%
SFR0                 0      0       0       1        0.0%
BITSFR1              0      0       0       2        0.0%
SFR1                 0      0       0       2        0.0%
STACK                0      0       0       2        0.0%
ABS                  0      0       0       3        0.0%
BITBANK0            50      0       0       4        0.0%
BITSFR3              0      0       0       4        0.0%
SFR3                 0      0       0       4        0.0%
BANK0               50      0       0       5        0.0%
BITSFR2              0      0       0       5        0.0%
SFR2                 0      0       0       5        0.0%
BITBANK1            50      0       0       6        0.0%
BANK1               50      0       0       7        0.0%
BITBANK3            60      0       0       8        0.0%
BANK3               60      0       0       9        0.0%
BITBANK2            60      0       0      10        0.0%
BANK2               60      0       0      11        0.0%
DATA                 0      0       0      12        0.0%


Microchip Technology PIC Macro Assembler V1.33 build 59893 
Symbol Table                                                                                   Mon Mar 02 08:52:12 2026

                      pc 0002              __CFG_CP$OFF 0000                       l32 0784  
                     l44 07BE                       u35 078A                       fsr 0004  
                    l520 0795                      l522 07A2                      l580 07EA  
                    l572 07DA                      l558 07B5                      l576 07E0  
                    l568 07D4                      _RC0 0038                      _RC1 0039  
                    _RC2 003A                      _RD4 0044             __CFG_CPD$OFF 0000  
                    fsr0 0004             __CFG_FOSC$XT 0000             __CFG_LVP$OFF 0000  
           __CFG_WRT$OFF 0000                     _main 07A9                     btemp 007E  
          __CFG_BOREN$ON 0000                     ltemp 007E                     start 0000  
                   ttemp 007E                     wtemp 007E                    ?_main 0070  
          __CFG_WDTE$OFF 0000                    _PORTB 0006                    _PORTD 0008  
                  _TRISB 0086                    _TRISC 0087                    _TRISD 0088  
          __CFG_PWRTE$ON 0000          __end_of_initLCD 0782                    _delay 0782  
                  pclath 000A                    ltemp0 007E                    ltemp1 0082  
                  ltemp2 0086                    ltemp3 0080                    ttemp0 007E  
                  ttemp1 0081                    ttemp2 0084                    ttemp3 0087  
                  ttemp4 007F                    status 0003                    wtemp0 007E  
                  wtemp1 0080                    wtemp2 0082                    wtemp3 0084  
                  wtemp4 0086                    wtemp5 0088                    wtemp6 007F  
        __initialization 07FC             __end_of_main 07FC                   ??_main 0077  
                 ?_delay 0070         __end_of_dataCtrl 0749                   _keypad 0009  
                 delay@i 0072                   delay@j 0074         __end_of_instCtrl 075C  
              ??_initLCD 0077  __end_of__initialization 07FC              instCtrl@cmd 0076  
         __pcstackCOMMON 0070            __end_of_delay 07A9                  ??_delay 0072  
             __pmaintext 07A9                ?_dataCtrl 0070               __stringtab 0003  
              ?_instCtrl 0070                  __ptext1 075C                  __ptext2 0749  
                __ptext3 0736                  __ptext4 0782                  _initLCD 075C  
             ??_dataCtrl 0076                  delay@ms 0070                  main@key 0078  
   end_of_initialization 07FC               ??_instCtrl 0076           __end_of_keypad 001A  
    start_initialization 07FC             dataCtrl@data 0076                ___latbits 0002  
      __size_of_dataCtrl 0013        __size_of_instCtrl 0013                __pstrings 0003  
               ?_initLCD 0070           __size_of_delay 0027              __stringbase 0008  
              main@count 0079       __end_of__stringtab 0009                 _dataCtrl 0736  
       __size_of_initLCD 0026            __size_of_main 0053                 _instCtrl 0749  
              stringcode 0003                 stringdir 0003                 stringtab 0003  
